1669419083068	geckodriver	INFO	Listening on 127.0.0.1:64572
1669419086094	mozrunner::runner	INFO	Running command: "C:\\Program Files\\Mozilla Firefox\\firefox.exe" "--marionette" "--remote-debugging-port" "64573" "--remote-allow-hosts" "localhost" "-no-remote" "-profile" "C:\\Users\\camar\\AppData\\Local\\Temp\\rust_mozprofileSdt1m9"
1669419086359	Marionette	INFO	Marionette enabled
1669419086363	Marionette	INFO	Listening on port 64583
WebDriver BiDi listening on ws://127.0.0.1:64573
Read port: 64583
1669419086528	RemoteAgent	WARN	TLS certificate errors will be ignored for this session
console.warn: SearchSettings: "get: No settings file exists, new profile?" (new NotFoundError("Could not open the file at C:\\Users\\camar\\AppData\\Local\\Temp\\rust_mozprofileSdt1m9\\search.json.mozlz4", (void 0)))
DevTools listening on ws://127.0.0.1:64573/devtools/browser/c69c915f-12af-4de4-a80a-76de71412394
1669419187283	Marionette	INFO	Stopped listening on port 64583
console.warn: TopSitesFeed: Failed to fetch data from Contile server: NetworkError when attempting to fetch resource.
1669422215845	geckodriver	INFO	Listening on 127.0.0.1:62789
1669422218891	mozrunner::runner	INFO	Running command: "C:\\Program Files\\Mozilla Firefox\\firefox.exe" "--marionette" "--remote-debugging-port" "62790" "--remote-allow-hosts" "localhost" "-no-remote" "-profile" "C:\\Users\\camar\\AppData\\Local\\Temp\\rust_mozprofilezJYG5L"
1669422219168	Marionette	INFO	Marionette enabled
1669422219172	Marionette	INFO	Listening on port 62803
WebDriver BiDi listening on ws://127.0.0.1:62790
Read port: 62803
1669422219273	RemoteAgent	WARN	TLS certificate errors will be ignored for this session
console.warn: SearchSettings: "get: No settings file exists, new profile?" (new NotFoundError("Could not open the file at C:\\Users\\camar\\AppData\\Local\\Temp\\rust_mozprofilezJYG5L\\search.json.mozlz4", (void 0)))
DevTools listening on ws://127.0.0.1:62790/devtools/browser/cb00185d-d58a-48f8-997d-4eebf2e4ca7a
JavaScript warning: https://z.moatads.com/nasdaqdfp113616204813/moatad.js#moatClientLevel1=5228527345&moatClientLevel2=3103898147&moatClientLevel3=6146917348&moatClientLevel4=138410721542&moatClientSlicer1=21786784572&moatClientSlicer2=21883488325&zMoatPS=&zMoatSZ=728x460, line 238: Failed to create WebGL context: WebGL is currently disabled.
JavaScript warning: https://z.moatads.com/nasdaqdfp113616204813/moatad.js#moatClientLevel1=5228527345&moatClientLevel2=3103898147&moatClientLevel3=6146917348&moatClientLevel4=138410721542&moatClientSlicer1=21786784572&moatClientSlicer2=21883488325&zMoatPS=&zMoatSZ=728x460, line 238: Failed to create WebGL context: WebGL is currently disabled.
JavaScript warning: https://pagead2.googlesyndication.com/bg/Cy76TGYNwlBdeFKzRh_Qc2a075RKB_J9dWAUlCdaUYI.js line 2 > eval line 3245 > eval line 1 > eval line 1 > eval, line 1: Failed to create WebGL context: WebGL is currently disabled.
JavaScript warning: https://pagead2.googlesyndication.com/bg/Cy76TGYNwlBdeFKzRh_Qc2a075RKB_J9dWAUlCdaUYI.js line 2 > eval line 5510 > eval line 1 > eval line 1 > eval, line 1: Failed to create WebGL context: WebGL is currently disabled.
1669422230735	Marionette	WARN	Ignoring event 'pageshow' because document has an invalid readyState of 'uninitialized'.
JavaScript error: chrome://global/content/aboutNetError.mjs, line 27: ReferenceError: RPMGetInnerMostURI is not defined
JavaScript warning: https://z.moatads.com/nasdaqdfp113616204813/moatad.js#moatClientLevel1=17750084&moatClientLevel2=3061993080&moatClientLevel3=6077953809&moatClientLevel4=138407119194&moatClientSlicer1=21786784572&moatClientSlicer2=21789676127&zMoatPS=&zMoatSZ=120x60, line 238: Failed to create WebGL context: WebGL is currently disabled.
JavaScript warning: https://z.moatads.com/nasdaqdfp113616204813/moatad.js#moatClientLevel1=17750084&moatClientLevel2=3061993080&moatClientLevel3=6077953809&moatClientLevel4=138407119194&moatClientSlicer1=21786784572&moatClientSlicer2=21789676127&zMoatPS=&zMoatSZ=120x60, line 238: Failed to create WebGL context: WebGL is currently disabled.
JavaScript warning: https://pagead2.googlesyndication.com/bg/Cy76TGYNwlBdeFKzRh_Qc2a075RKB_J9dWAUlCdaUYI.js line 2 > eval line 1019 > eval line 1 > eval line 1 > eval, line 1: Failed to create WebGL context: WebGL is currently disabled.
JavaScript warning: https://pagead2.googlesyndication.com/bg/Cy76TGYNwlBdeFKzRh_Qc2a075RKB_J9dWAUlCdaUYI.js line 2 > eval line 2301 > eval line 1 > eval line 1 > eval, line 1: Failed to create WebGL context: WebGL is currently disabled.
JavaScript warning: https://pagead2.googlesyndication.com/bg/Cy76TGYNwlBdeFKzRh_Qc2a075RKB_J9dWAUlCdaUYI.js line 2 > eval line 1438 > eval line 1 > eval line 1 > eval, line 1: Failed to create WebGL context: WebGL is currently disabled.
JavaScript warning: https://pagead2.googlesyndication.com/bg/api979c0EJY6QQNrS8TSWwgKrshdt-vRMqEtOqF-hYY.js line 2 > eval line 7328 > eval line 1 > eval line 1 > eval, line 1: Failed to create WebGL context: WebGL is currently disabled.
JavaScript error: , line 0: TypeError: NetworkError when attempting to fetch resource.
JavaScript warning: https://pagead2.googlesyndication.com/bg/Cy76TGYNwlBdeFKzRh_Qc2a075RKB_J9dWAUlCdaUYI.js line 2 > eval line 757 > eval line 1 > eval line 1 > eval, line 1: Failed to create WebGL context: WebGL is currently disabled.
console.warn: LoginRecipes: "Falling back to a synchronous message for: https://www.nasdaq.com."
JavaScript error: https://www.nasdaq.com/sites/acquia.prod/files/js/js_bTCQ7AH_zDY181TIr8tuD-ykVRTiktQN14YdoHPyJ2E.js, line 6: TypeError: this.suggestions.querySelector(...) is null
JavaScript error: , line 0: TypeError: NetworkError when attempting to fetch resource.
JavaScript error: , line 0: TypeError: NetworkError when attempting to fetch resource.
JavaScript error: , line 0: TypeError: NetworkError when attempting to fetch resource.
JavaScript error: , line 0: TypeError: NetworkError when attempting to fetch resource.
JavaScript error: , line 0: TypeError: NetworkError when attempting to fetch resource.
JavaScript error: , line 0: TypeError: NetworkError when attempting to fetch resource.
JavaScript error: , line 0: TypeError: NetworkError when attempting to fetch resource.
JavaScript error: , line 0: TypeError: NetworkError when attempting to fetch resource.
1669422291428	Marionette	WARN	Ignoring event 'DOMContentLoaded' because document has an invalid readyState of 'complete'.
1669422294277	Marionette	WARN	Ignoring event 'DOMContentLoaded' because document has an invalid readyState of 'complete'.
JavaScript error: https://player.ex.co/player/c9a9f6ef-66b6-49d9-b33c-0897ea6f0fac, line 10: NotSupportedError: The media resource indicated by the src attribute or assigned media provider object was not suitable.
1669422300435	Marionette	WARN	Ignoring event 'pageshow' because document has an invalid readyState of 'uninitialized'.
1669422305646	Marionette	WARN	Ignoring event 'DOMContentLoaded' because document has an invalid readyState of 'complete'.
JavaScript warning: https://z.moatads.com/nasdaqdfp113616204813/moatad.js#moatClientLevel1=17728604&moatClientLevel2=2986033141&moatClientLevel3=5928948159&moatClientLevel4=138376783911&moatClientSlicer1=21786784572&moatClientSlicer2=21786784854&zMoatPS=&zMoatSZ=120x60, line 238: Failed to create WebGL context: WebGL is currently disabled.
JavaScript warning: https://z.moatads.com/nasdaqdfp113616204813/moatad.js#moatClientLevel1=17728604&moatClientLevel2=2986033141&moatClientLevel3=5928948159&moatClientLevel4=138376783911&moatClientSlicer1=21786784572&moatClientSlicer2=21786784854&zMoatPS=&zMoatSZ=120x60, line 238: Failed to create WebGL context: WebGL is currently disabled.
[Child 22924, MediaDecoderStateMachine #1] WARNING: Decoder=24e42de6c00 state=DECODING_METADATA Decode metadata failed, shutting down decoder: file /builds/worker/checkouts/gecko/dom/media/MediaDecoderStateMachine.cpp:370
[Child 22924, MediaDecoderStateMachine #1] WARNING: Decoder=24e42de6c00 Decode error: NS_ERROR_DOM_MEDIA_METADATA_ERR (0x806e0006) - static MP4Metadata::ResultAndByteBuffer __cdecl mozilla::MP4Metadata::Metadata(mozilla::ByteStream *): Cannot parse metadata: file /builds/worker/checkouts/gecko/dom/media/MediaDecoderStateMachineBase.cpp:151
console.warn: LoginRecipes: "Falling back to a synchronous message for: https://www.nasdaq.com."
JavaScript error: https://www.nasdaq.com/sites/acquia.prod/files/js/js_bTCQ7AH_zDY181TIr8tuD-ykVRTiktQN14YdoHPyJ2E.js, line 6: TypeError: this.suggestions.querySelector(...) is null
JavaScript error: , line 0: uncaught exception: undefined
JavaScript error: , line 0: TypeError: NetworkError when attempting to fetch resource.
1669422315198	Marionette	WARN	Ignoring event 'DOMContentLoaded' because document has an invalid readyState of 'complete'.
1669422316559	Marionette	WARN	Ignoring event 'DOMContentLoaded' because document has an invalid readyState of 'complete'.
JavaScript warning: https://pagead2.googlesyndication.com/bg/Cy76TGYNwlBdeFKzRh_Qc2a075RKB_J9dWAUlCdaUYI.js line 2 > eval line 6925 > eval line 1 > eval line 1 > eval, line 1: Failed to create WebGL context: WebGL is currently disabled.
JavaScript warning: https://pagead2.googlesyndication.com/bg/Cy76TGYNwlBdeFKzRh_Qc2a075RKB_J9dWAUlCdaUYI.js line 2 > eval line 1299 > eval line 1 > eval line 1 > eval, line 1: Failed to create WebGL context: WebGL is currently disabled.
JavaScript warning: https://z.moatads.com/ptarmiganmediadcm677757797954/moatad.js#moatClientLevel1=11583816&moatClientLevel2=27226025&moatClientLevel3=520186637&moatClientLevel4=171256079&moatClientSlicer1=1581809&moatClientSlicer2=328202336, line 238: Failed to create WebGL context: WebGL is currently disabled.
JavaScript warning: https://z.moatads.com/ptarmiganmediadcm677757797954/moatad.js#moatClientLevel1=11583816&moatClientLevel2=27226025&moatClientLevel3=520186637&moatClientLevel4=171256079&moatClientSlicer1=1581809&moatClientSlicer2=328202336, line 238: Failed to create WebGL context: WebGL is currently disabled.
JavaScript warning: https://pagead2.googlesyndication.com/bg/Cy76TGYNwlBdeFKzRh_Qc2a075RKB_J9dWAUlCdaUYI.js line 2 > eval line 1070 > eval line 1 > eval line 1 > eval, line 1: Failed to create WebGL context: WebGL is currently disabled.
JavaScript warning: https://pagead2.googlesyndication.com/bg/Cy76TGYNwlBdeFKzRh_Qc2a075RKB_J9dWAUlCdaUYI.js line 2 > eval line 3857 > eval line 1 > eval line 1 > eval, line 1: Failed to create WebGL context: WebGL is currently disabled.
JavaScript error: https://player.ex.co/player/c9a9f6ef-66b6-49d9-b33c-0897ea6f0fac, line 10: NotSupportedError: The media resource indicated by the src attribute or assigned media provider object was not suitable.
JavaScript error: , line 0: TypeError: NetworkError when attempting to fetch resource.
JavaScript error: , line 0: TypeError: NetworkError when attempting to fetch resource.
1669422327578	Marionette	WARN	Ignoring event 'DOMContentLoaded' because document has an invalid readyState of 'complete'.
console.warn: LoginRecipes: "Falling back to a synchronous message for: https://www.nasdaq.com."
JavaScript error: https://www.nasdaq.com/sites/acquia.prod/files/js/js_bTCQ7AH_zDY181TIr8tuD-ykVRTiktQN14YdoHPyJ2E.js, line 6: TypeError: this.suggestions.querySelector(...) is null
JavaScript warning: https://pagead2.googlesyndication.com/bg/Cy76TGYNwlBdeFKzRh_Qc2a075RKB_J9dWAUlCdaUYI.js line 2 > eval line 347 > eval line 1 > eval line 1 > eval, line 1: Failed to create WebGL context: WebGL is currently disabled.
JavaScript warning: https://z.moatads.com/nasdaqdfp113616204813/moatad.js#moatClientLevel1=17728604&moatClientLevel2=2986033141&moatClientLevel3=5928948159&moatClientLevel4=138376783911&moatClientSlicer1=21786784572&moatClientSlicer2=21786784854&zMoatPS=&zMoatSZ=120x60, line 238: Failed to create WebGL context: WebGL is currently disabled.
JavaScript warning: https://z.moatads.com/nasdaqdfp113616204813/moatad.js#moatClientLevel1=17728604&moatClientLevel2=2986033141&moatClientLevel3=5928948159&moatClientLevel4=138376783911&moatClientSlicer1=21786784572&moatClientSlicer2=21786784854&zMoatPS=&zMoatSZ=120x60, line 238: Failed to create WebGL context: WebGL is currently disabled.
JavaScript error: , line 0: TypeError: NetworkError when attempting to fetch resource.
1669422328821	Marionette	WARN	Ignoring event 'DOMContentLoaded' because document has an invalid readyState of 'complete'.
1669422329893	Marionette	WARN	Ignoring event 'DOMContentLoaded' because document has an invalid readyState of 'complete'.
JavaScript warning: https://pagead2.googlesyndication.com/bg/Cy76TGYNwlBdeFKzRh_Qc2a075RKB_J9dWAUlCdaUYI.js line 2 > eval line 1018 > eval line 1 > eval line 1 > eval, line 1: Failed to create WebGL context: WebGL is currently disabled.
JavaScript warning: https://z.moatads.com/ptarmiganmediadcm677757797954/moatad.js#moatClientLevel1=11583816&moatClientLevel2=27226025&moatClientLevel3=520186637&moatClientLevel4=170405124&moatClientSlicer1=1581809&moatClientSlicer2=328202336, line 238: Failed to create WebGL context: WebGL is currently disabled.
JavaScript warning: https://z.moatads.com/ptarmiganmediadcm677757797954/moatad.js#moatClientLevel1=11583816&moatClientLevel2=27226025&moatClientLevel3=520186637&moatClientLevel4=170405124&moatClientSlicer1=1581809&moatClientSlicer2=328202336, line 238: Failed to create WebGL context: WebGL is currently disabled.
JavaScript warning: https://pagead2.googlesyndication.com/bg/Cy76TGYNwlBdeFKzRh_Qc2a075RKB_J9dWAUlCdaUYI.js line 2 > eval line 6710 > eval line 1 > eval line 1 > eval, line 1: Failed to create WebGL context: WebGL is currently disabled.
JavaScript warning: https://z.moatads.com/nasdaqdfp113616204813/moatad.js#moatClientLevel1=17728604&moatClientLevel2=2986033141&moatClientLevel3=5928948159&moatClientLevel4=138376783911&moatClientSlicer1=21786784572&moatClientSlicer2=21786784854&zMoatPS=&zMoatSZ=120x60, line 238: Failed to create WebGL context: WebGL is currently disabled.
JavaScript warning: https://z.moatads.com/nasdaqdfp113616204813/moatad.js#moatClientLevel1=17728604&moatClientLevel2=2986033141&moatClientLevel3=5928948159&moatClientLevel4=138376783911&moatClientSlicer1=21786784572&moatClientSlicer2=21786784854&zMoatPS=&zMoatSZ=120x60, line 238: Failed to create WebGL context: WebGL is currently disabled.
JavaScript warning: https://pagead2.googlesyndication.com/bg/api979c0EJY6QQNrS8TSWwgKrshdt-vRMqEtOqF-hYY.js line 2 > eval line 6212 > eval line 1 > eval line 1 > eval, line 1: Failed to create WebGL context: WebGL is currently disabled.
JavaScript error: https://player.ex.co/player/c9a9f6ef-66b6-49d9-b33c-0897ea6f0fac, line 10: NotSupportedError: The media resource indicated by the src attribute or assigned media provider object was not suitable.
JavaScript error: , line 0: TypeError: NetworkError when attempting to fetch resource.
JavaScript error: , line 0: TypeError: NetworkError when attempting to fetch resource.
console.warn: LoginRecipes: "Falling back to a synchronous message for: https://www.nasdaq.com."
JavaScript error: https://www.nasdaq.com/sites/acquia.prod/files/js/js_bTCQ7AH_zDY181TIr8tuD-ykVRTiktQN14YdoHPyJ2E.js, line 6: TypeError: this.suggestions.querySelector(...) is null
JavaScript error: https://cdn.cookielaw.org/scripttemplates/202208.1.0/otBannerSdk.js, line 7: TypeError: r is undefined
1669422342191	Marionette	WARN	Ignoring event 'DOMContentLoaded' because document has an invalid readyState of 'complete'.
1669422343317	Marionette	WARN	Ignoring event 'DOMContentLoaded' because document has an invalid readyState of 'complete'.
JavaScript warning: https://pagead2.googlesyndication.com/bg/Cy76TGYNwlBdeFKzRh_Qc2a075RKB_J9dWAUlCdaUYI.js line 2 > eval line 781 > eval line 1 > eval line 1 > eval, line 1: Failed to create WebGL context: WebGL is currently disabled.
JavaScript warning: https://z.moatads.com/nasdaqdfp113616204813/moatad.js#moatClientLevel1=17728604&moatClientLevel2=2986033141&moatClientLevel3=5928948159&moatClientLevel4=138376783911&moatClientSlicer1=21786784572&moatClientSlicer2=21786784854&zMoatPS=&zMoatSZ=120x60, line 238: Failed to create WebGL context: WebGL is currently disabled.
JavaScript warning: https://z.moatads.com/nasdaqdfp113616204813/moatad.js#moatClientLevel1=17728604&moatClientLevel2=2986033141&moatClientLevel3=5928948159&moatClientLevel4=138376783911&moatClientSlicer1=21786784572&moatClientSlicer2=21786784854&zMoatPS=&zMoatSZ=120x60, line 238: Failed to create WebGL context: WebGL is currently disabled.
JavaScript error: https://player.ex.co/player/c9a9f6ef-66b6-49d9-b33c-0897ea6f0fac, line 10: NotSupportedError: The media resource indicated by the src attribute or assigned media provider object was not suitable.
JavaScript error: , line 0: TypeError: NetworkError when attempting to fetch resource.
JavaScript error: , line 0: TypeError: NetworkError when attempting to fetch resource.
1669422354262	Marionette	WARN	Ignoring event 'DOMContentLoaded' because document has an invalid readyState of 'complete'.
console.warn: LoginRecipes: "Falling back to a synchronous message for: https://www.nasdaq.com."
JavaScript error: https://www.nasdaq.com/sites/acquia.prod/files/js/js_bTCQ7AH_zDY181TIr8tuD-ykVRTiktQN14YdoHPyJ2E.js, line 6: TypeError: this.suggestions.querySelector(...) is null
JavaScript error: https://cdn.cookielaw.org/scripttemplates/202208.1.0/otBannerSdk.js, line 7: TypeError: gn.bannerGroup is undefined
1669422356293	Marionette	WARN	Ignoring event 'DOMContentLoaded' because document has an invalid readyState of 'complete'.
1669422358004	Marionette	WARN	Ignoring event 'DOMContentLoaded' because document has an invalid readyState of 'complete'.
JavaScript warning: https://pagead2.googlesyndication.com/bg/Cy76TGYNwlBdeFKzRh_Qc2a075RKB_J9dWAUlCdaUYI.js line 2 > eval line 675 > eval line 1 > eval line 1 > eval, line 1: Failed to create WebGL context: WebGL is currently disabled.
JavaScript warning: https://z.moatads.com/nasdaqdfp113616204813/moatad.js#moatClientLevel1=17728604&moatClientLevel2=2986033141&moatClientLevel3=5928948159&moatClientLevel4=138376783911&moatClientSlicer1=21786784572&moatClientSlicer2=21786784854&zMoatPS=&zMoatSZ=120x60, line 238: Failed to create WebGL context: WebGL is currently disabled.
JavaScript warning: https://z.moatads.com/nasdaqdfp113616204813/moatad.js#moatClientLevel1=17728604&moatClientLevel2=2986033141&moatClientLevel3=5928948159&moatClientLevel4=138376783911&moatClientSlicer1=21786784572&moatClientSlicer2=21786784854&zMoatPS=&zMoatSZ=120x60, line 238: Failed to create WebGL context: WebGL is currently disabled.
JavaScript error: https://player.ex.co/player/c9a9f6ef-66b6-49d9-b33c-0897ea6f0fac, line 10: NotSupportedError: The media resource indicated by the src attribute or assigned media provider object was not suitable.
JavaScript error: , line 0: TypeError: NetworkError when attempting to fetch resource.
JavaScript error: , line 0: TypeError: NetworkError when attempting to fetch resource.
1669422368948	Marionette	WARN	Ignoring event 'DOMContentLoaded' because document has an invalid readyState of 'complete'.
console.warn: LoginRecipes: "Falling back to a synchronous message for: https://www.nasdaq.com."
JavaScript error: https://www.nasdaq.com/sites/acquia.prod/files/js/js_bTCQ7AH_zDY181TIr8tuD-ykVRTiktQN14YdoHPyJ2E.js, line 6: TypeError: this.suggestions.querySelector(...) is null
JavaScript error: https://cdn.cookielaw.org/scripttemplates/202208.1.0/otBannerSdk.js, line 7: TypeError: r is undefined
1669422370201	Marionette	WARN	Ignoring event 'DOMContentLoaded' because document has an invalid readyState of 'complete'.
JavaScript error: https://www.nasdaq.com/sites/acquia.prod/files/js/js_LRG9_EGRmFQo03Z9GbLDZP8IWSojyuN7Sz6n_aHA55A.js, line 448: TypeError: e is null
1669422371484	Marionette	WARN	Ignoring event 'DOMContentLoaded' because document has an invalid readyState of 'complete'.
JavaScript warning: https://pagead2.googlesyndication.com/bg/Cy76TGYNwlBdeFKzRh_Qc2a075RKB_J9dWAUlCdaUYI.js line 2 > eval line 7473 > eval line 1 > eval line 1 > eval, line 1: Failed to create WebGL context: WebGL is currently disabled.
JavaScript warning: https://z.moatads.com/nasdaqdfp113616204813/moatad.js#moatClientLevel1=17728604&moatClientLevel2=2986033141&moatClientLevel3=5928948159&moatClientLevel4=138376783911&moatClientSlicer1=21786784572&moatClientSlicer2=21786784854&zMoatPS=&zMoatSZ=120x60, line 238: Failed to create WebGL context: WebGL is currently disabled.
JavaScript warning: https://z.moatads.com/nasdaqdfp113616204813/moatad.js#moatClientLevel1=17728604&moatClientLevel2=2986033141&moatClientLevel3=5928948159&moatClientLevel4=138376783911&moatClientSlicer1=21786784572&moatClientSlicer2=21786784854&zMoatPS=&zMoatSZ=120x60, line 238: Failed to create WebGL context: WebGL is currently disabled.
JavaScript warning: https://pagead2.googlesyndication.com/bg/Cy76TGYNwlBdeFKzRh_Qc2a075RKB_J9dWAUlCdaUYI.js line 2 > eval line 5031 > eval line 1 > eval line 1 > eval, line 1: Failed to create WebGL context: WebGL is currently disabled.
JavaScript error: https://player.ex.co/player/c9a9f6ef-66b6-49d9-b33c-0897ea6f0fac, line 10: NotSupportedError: The media resource indicated by the src attribute or assigned media provider object was not suitable.
JavaScript error: , line 0: TypeError: NetworkError when attempting to fetch resource.
JavaScript error: , line 0: TypeError: NetworkError when attempting to fetch resource.
1669422383534	Marionette	WARN	Ignoring event 'DOMContentLoaded' because document has an invalid readyState of 'complete'.
[Child 22924, MediaDecoderStateMachine #1] WARNING: Decoder=24e3befa300 state=DECODING_METADATA Decode metadata failed, shutting down decoder: file /builds/worker/checkouts/gecko/dom/media/MediaDecoderStateMachine.cpp:370
[Child 22924, MediaDecoderStateMachine #1] WARNING: Decoder=24e3befa300 Decode error: NS_ERROR_DOM_MEDIA_METADATA_ERR (0x806e0006) - static MP4Metadata::ResultAndByteBuffer __cdecl mozilla::MP4Metadata::Metadata(mozilla::ByteStream *): Cannot parse metadata: file /builds/worker/checkouts/gecko/dom/media/MediaDecoderStateMachineBase.cpp:151
console.warn: LoginRecipes: "Falling back to a synchronous message for: https://www.nasdaq.com."
JavaScript error: https://www.nasdaq.com/sites/acquia.prod/files/js/js_bTCQ7AH_zDY181TIr8tuD-ykVRTiktQN14YdoHPyJ2E.js, line 6: TypeError: this.suggestions.querySelector(...) is null
1669422391726	Marionette	WARN	Ignoring event 'DOMContentLoaded' because document has an invalid readyState of 'complete'.
1669422392631	Marionette	WARN	Ignoring event 'DOMContentLoaded' because document has an invalid readyState of 'complete'.
JavaScript warning: https://pagead2.googlesyndication.com/bg/Cy76TGYNwlBdeFKzRh_Qc2a075RKB_J9dWAUlCdaUYI.js line 2 > eval line 1666 > eval line 1 > eval line 1 > eval, line 1: Failed to create WebGL context: WebGL is currently disabled.
JavaScript warning: https://z.moatads.com/nasdaqdfp113616204813/moatad.js#moatClientLevel1=17728604&moatClientLevel2=2986033141&moatClientLevel3=5928948159&moatClientLevel4=138376783911&moatClientSlicer1=21786784572&moatClientSlicer2=21786784854&zMoatPS=&zMoatSZ=120x60, line 238: Failed to create WebGL context: WebGL is currently disabled.
JavaScript warning: https://z.moatads.com/nasdaqdfp113616204813/moatad.js#moatClientLevel1=17728604&moatClientLevel2=2986033141&moatClientLevel3=5928948159&moatClientLevel4=138376783911&moatClientSlicer1=21786784572&moatClientSlicer2=21786784854&zMoatPS=&zMoatSZ=120x60, line 238: Failed to create WebGL context: WebGL is currently disabled.
JavaScript warning: https://pagead2.googlesyndication.com/bg/api979c0EJY6QQNrS8TSWwgKrshdt-vRMqEtOqF-hYY.js line 2 > eval line 6439 > eval line 1 > eval line 1 > eval, line 1: Failed to create WebGL context: WebGL is currently disabled.
JavaScript error: https://player.ex.co/player/c9a9f6ef-66b6-49d9-b33c-0897ea6f0fac, line 10: NotSupportedError: The media resource indicated by the src attribute or assigned media provider object was not suitable.
JavaScript error: , line 0: TypeError: NetworkError when attempting to fetch resource.
JavaScript error: , line 0: TypeError: NetworkError when attempting to fetch resource.
1669422403623	Marionette	WARN	Ignoring event 'DOMContentLoaded' because document has an invalid readyState of 'complete'.
console.warn: LoginRecipes: "Falling back to a synchronous message for: https://www.nasdaq.com."
JavaScript error: https://www.nasdaq.com/sites/acquia.prod/files/js/js_bTCQ7AH_zDY181TIr8tuD-ykVRTiktQN14YdoHPyJ2E.js, line 6: TypeError: this.suggestions.querySelector(...) is null
JavaScript error: https://www.nasdaq.com/sites/acquia.prod/files/js/js_xo-FeoUWwhv-HYW_-kivahO5z9rGKgbQzIJxU8T-IPI.js, line 777: TypeError: this.response.data is undefined
1669422405412	Marionette	WARN	Ignoring event 'DOMContentLoaded' because document has an invalid readyState of 'complete'.
1669422406513	Marionette	WARN	Ignoring event 'DOMContentLoaded' because document has an invalid readyState of 'complete'.
JavaScript warning: https://pagead2.googlesyndication.com/bg/Cy76TGYNwlBdeFKzRh_Qc2a075RKB_J9dWAUlCdaUYI.js line 2 > eval line 4558 > eval line 1 > eval line 1 > eval, line 1: Failed to create WebGL context: WebGL is currently disabled.
JavaScript error: https://www.nasdaq.com/sites/acquia.prod/files/js/js_1DSnEutNoSd90e3jFbtiyokPiiYqgyTanLChxul-0lg.js, line 777: TypeError: this.errorState is undefined
JavaScript warning: https://z.moatads.com/nasdaqdfp113616204813/moatad.js#moatClientLevel1=17728604&moatClientLevel2=2986033141&moatClientLevel3=5928948159&moatClientLevel4=138376783911&moatClientSlicer1=21786784572&moatClientSlicer2=21786784854&zMoatPS=&zMoatSZ=120x60, line 238: Failed to create WebGL context: WebGL is currently disabled.
JavaScript warning: https://z.moatads.com/nasdaqdfp113616204813/moatad.js#moatClientLevel1=17728604&moatClientLevel2=2986033141&moatClientLevel3=5928948159&moatClientLevel4=138376783911&moatClientSlicer1=21786784572&moatClientSlicer2=21786784854&zMoatPS=&zMoatSZ=120x60, line 238: Failed to create WebGL context: WebGL is currently disabled.
JavaScript error: https://player.ex.co/player/c9a9f6ef-66b6-49d9-b33c-0897ea6f0fac, line 10: NotSupportedError: The media resource indicated by the src attribute or assigned media provider object was not suitable.
1669422417550	Marionette	WARN	Ignoring event 'DOMContentLoaded' because document has an invalid readyState of 'complete'.
JavaScript error: https://www.nasdaq.com/sites/acquia.prod/files/js/js_xo-FeoUWwhv-HYW_-kivahO5z9rGKgbQzIJxU8T-IPI.js, line 777: TypeError: this.errorState is undefined
[Child 22924, MediaDecoderStateMachine #1] WARNING: Decoder=24e406a6300 state=DECODING_METADATA Decode metadata failed, shutting down decoder: file /builds/worker/checkouts/gecko/dom/media/MediaDecoderStateMachine.cpp:370
[Child 22924, MediaDecoderStateMachine #1] WARNING: Decoder=24e406a6300 Decode error: NS_ERROR_DOM_MEDIA_METADATA_ERR (0x806e0006) - static MP4Metadata::ResultAndByteBuffer __cdecl mozilla::MP4Metadata::Metadata(mozilla::ByteStream *): Cannot parse metadata: file /builds/worker/checkouts/gecko/dom/media/MediaDecoderStateMachineBase.cpp:151
console.warn: LoginRecipes: "Falling back to a synchronous message for: https://www.nasdaq.com."
JavaScript error: https://www.nasdaq.com/sites/acquia.prod/files/js/js_bTCQ7AH_zDY181TIr8tuD-ykVRTiktQN14YdoHPyJ2E.js, line 6: TypeError: this.suggestions.querySelector(...) is null
1669422427147	Marionette	WARN	Ignoring event 'DOMContentLoaded' because document has an invalid readyState of 'complete'.
1669422428114	Marionette	WARN	Ignoring event 'DOMContentLoaded' because document has an invalid readyState of 'complete'.
JavaScript error: https://www.nasdaq.com/sites/acquia.prod/files/js/js_1DSnEutNoSd90e3jFbtiyokPiiYqgyTanLChxul-0lg.js, line 777: TypeError: this.errorState is undefined
JavaScript error: https://player.ex.co/player/c9a9f6ef-66b6-49d9-b33c-0897ea6f0fac, line 10: NotSupportedError: The media resource indicated by the src attribute or assigned media provider object was not suitable.
1669422438992	Marionette	WARN	Ignoring event 'DOMContentLoaded' because document has an invalid readyState of 'complete'.
console.warn: LoginRecipes: "Falling back to a synchronous message for: https://www.nasdaq.com."
JavaScript error: https://www.nasdaq.com/sites/acquia.prod/files/js/js_bTCQ7AH_zDY181TIr8tuD-ykVRTiktQN14YdoHPyJ2E.js, line 6: TypeError: this.suggestions.querySelector(...) is null
JavaScript error: https://cdn.cookielaw.org/scripttemplates/202208.1.0/otBannerSdk.js, line 7: TypeError: r is undefined
JavaScript warning: https://pagead2.googlesyndication.com/bg/Cy76TGYNwlBdeFKzRh_Qc2a075RKB_J9dWAUlCdaUYI.js line 2 > eval line 3188 > eval line 1 > eval line 1 > eval, line 1: Failed to create WebGL context: WebGL is currently disabled.
JavaScript warning: https://z.moatads.com/nasdaqdfp113616204813/moatad.js#moatClientLevel1=17728604&moatClientLevel2=2986033141&moatClientLevel3=5928948159&moatClientLevel4=138376783911&moatClientSlicer1=21786784572&moatClientSlicer2=21786784854&zMoatPS=&zMoatSZ=120x60, line 238: Failed to create WebGL context: WebGL is currently disabled.
JavaScript warning: https://z.moatads.com/nasdaqdfp113616204813/moatad.js#moatClientLevel1=17728604&moatClientLevel2=2986033141&moatClientLevel3=5928948159&moatClientLevel4=138376783911&moatClientSlicer1=21786784572&moatClientSlicer2=21786784854&zMoatPS=&zMoatSZ=120x60, line 238: Failed to create WebGL context: WebGL is currently disabled.
JavaScript warning: https://z.moatads.com/nasdaqdfp113616204813/moatad.js#moatClientLevel1=17728604&moatClientLevel2=2986033141&moatClientLevel3=5928948159&moatClientLevel4=138376783911&moatClientSlicer1=21786784572&moatClientSlicer2=21786784854&zMoatPS=&zMoatSZ=120x60, line 238: Failed to create WebGL context: WebGL is currently disabled.
JavaScript warning: https://z.moatads.com/nasdaqdfp113616204813/moatad.js#moatClientLevel1=17728604&moatClientLevel2=2986033141&moatClientLevel3=5928948159&moatClientLevel4=138376783911&moatClientSlicer1=21786784572&moatClientSlicer2=21786784854&zMoatPS=&zMoatSZ=120x60, line 238: Failed to create WebGL context: WebGL is currently disabled.
JavaScript error: , line 0: TypeError: NetworkError when attempting to fetch resource.
JavaScript error: , line 0: TypeError: NetworkError when attempting to fetch resource.
JavaScript error: , line 0: TypeError: NetworkError when attempting to fetch resource.
1669422440466	Marionette	WARN	Ignoring event 'DOMContentLoaded' because document has an invalid readyState of 'complete'.
1669422441322	Marionette	WARN	Ignoring event 'DOMContentLoaded' because document has an invalid readyState of 'complete'.
JavaScript warning: https://pagead2.googlesyndication.com/bg/Cy76TGYNwlBdeFKzRh_Qc2a075RKB_J9dWAUlCdaUYI.js line 2 > eval line 5994 > eval line 1 > eval line 1 > eval, line 1: Failed to create WebGL context: WebGL is currently disabled.
JavaScript error: https://www.nasdaq.com/sites/acquia.prod/files/js/js_1DSnEutNoSd90e3jFbtiyokPiiYqgyTanLChxul-0lg.js, line 777: TypeError: this.errorState is undefined
JavaScript warning: https://z.moatads.com/nasdaqdfp113616204813/moatad.js#moatClientLevel1=17728604&moatClientLevel2=2986033141&moatClientLevel3=5928948159&moatClientLevel4=138376783911&moatClientSlicer1=21786784572&moatClientSlicer2=21786784854&zMoatPS=&zMoatSZ=120x60, line 238: Failed to create WebGL context: WebGL is currently disabled.
JavaScript warning: https://z.moatads.com/nasdaqdfp113616204813/moatad.js#moatClientLevel1=17728604&moatClientLevel2=2986033141&moatClientLevel3=5928948159&moatClientLevel4=138376783911&moatClientSlicer1=21786784572&moatClientSlicer2=21786784854&zMoatPS=&zMoatSZ=120x60, line 238: Failed to create WebGL context: WebGL is currently disabled.
JavaScript error: https://player.ex.co/player/c9a9f6ef-66b6-49d9-b33c-0897ea6f0fac, line 10: NotSupportedError: The media resource indicated by the src attribute or assigned media provider object was not suitable.
JavaScript error: , line 0: TypeError: NetworkError when attempting to fetch resource.
JavaScript error: , line 0: TypeError: NetworkError when attempting to fetch resource.
1669422452328	Marionette	WARN	Ignoring event 'DOMContentLoaded' because document has an invalid readyState of 'complete'.
JavaScript warning: https://pagead2.googlesyndication.com/bg/Cy76TGYNwlBdeFKzRh_Qc2a075RKB_J9dWAUlCdaUYI.js line 2 > eval line 2243 > eval line 1 > eval line 1 > eval, line 1: Failed to create WebGL context: WebGL is currently disabled.
JavaScript warning: https://z.moatads.com/nasdaqdfp113616204813/moatad.js#moatClientLevel1=17728604&moatClientLevel2=2986033141&moatClientLevel3=5928948159&moatClientLevel4=138376783911&moatClientSlicer1=21786784572&moatClientSlicer2=21786784854&zMoatPS=&zMoatSZ=120x60, line 238: Failed to create WebGL context: WebGL is currently disabled.
JavaScript warning: https://z.moatads.com/nasdaqdfp113616204813/moatad.js#moatClientLevel1=17728604&moatClientLevel2=2986033141&moatClientLevel3=5928948159&moatClientLevel4=138376783911&moatClientSlicer1=21786784572&moatClientSlicer2=21786784854&zMoatPS=&zMoatSZ=120x60, line 238: Failed to create WebGL context: WebGL is currently disabled.
JavaScript warning: https://z.moatads.com/nasdaqdfp113616204813/moatad.js#moatClientLevel1=17728604&moatClientLevel2=2986033141&moatClientLevel3=5928948159&moatClientLevel4=138376783911&moatClientSlicer1=21786784572&moatClientSlicer2=21786784854&zMoatPS=&zMoatSZ=120x60, line 238: Failed to create WebGL context: WebGL is currently disabled.
JavaScript warning: https://z.moatads.com/nasdaqdfp113616204813/moatad.js#moatClientLevel1=17728604&moatClientLevel2=2986033141&moatClientLevel3=5928948159&moatClientLevel4=138376783911&moatClientSlicer1=21786784572&moatClientSlicer2=21786784854&zMoatPS=&zMoatSZ=120x60, line 238: Failed to create WebGL context: WebGL is currently disabled.
JavaScript error: https://www.nasdaq.com/sites/acquia.prod/files/js/js_xo-FeoUWwhv-HYW_-kivahO5z9rGKgbQzIJxU8T-IPI.js, line 777: TypeError: this.errorState is undefined
1669422465707	Marionette	INFO	Stopped listening on port 62803
[GFX1-]: RenderCompositorSWGL failed mapping default framebuffer, no dt
JavaScript error: , line 0: TypeError: NetworkError when attempting to fetch resource.
JavaScript error: , line 0: TypeError: NetworkError when attempting to fetch resource.
JavaScript error: , line 0: TypeError: NetworkError when attempting to fetch resource.
